<?xml version="1.0" encoding="UTF-8"?>
<!-- Generated by org.testng.reporters.JUnitXMLReporter -->
<testsuite ignored="0" hostname="DESKTOP-44T50QT" failures="0" tests="3" name="Default test" time="62.089" errors="0" timestamp="2023-10-06T20:45:19 IST">
  <testcase classname="TestNg.DataProviders" name="facebook" time="49.323"/>
  <testcase classname="TestNg.DataProviders" name="facebook" time="8.098"/>
  <testcase classname="TestNg.DataProviders" name="facebook" time="4.611"/>
</testsuite> <!-- Default test -->
