<?xml version="1.0" encoding="UTF-8"?>
<testng-results ignored="0" total="3" passed="3" failed="0" skipped="0">
  <reporter-output>
  </reporter-output>
  <suite started-at="2023-10-06T20:44:17 IST" name="Default suite" finished-at="2023-10-06T20:45:19 IST" duration-ms="62089">
    <groups>
    </groups>
    <test started-at="2023-10-06T20:44:17 IST" name="Default test" finished-at="2023-10-06T20:45:19 IST" duration-ms="62089">
      <class name="TestNg.DataProviders">
        <test-method signature="facebook(java.lang.String,java.lang.String)[pri:0, instance:TestNg.DataProviders@29215f06]" started-at="2023-10-06T20:44:17 IST" name="facebook" data-provider="getData" finished-at="2023-10-06T20:45:07 IST" duration-ms="49323" status="PASS">
          <params>
            <param index="0">
              <value>
                <![CDATA[Rups]]>
              </value>
            </param>
            <param index="1">
              <value>
                <![CDATA[tate]]>
              </value>
            </param>
          </params>
          <reporter-output>
          </reporter-output>
        </test-method> <!-- facebook -->
        <test-method signature="facebook(java.lang.String,java.lang.String)[pri:0, instance:TestNg.DataProviders@29215f06]" started-at="2023-10-06T20:45:07 IST" name="facebook" data-provider="getData" finished-at="2023-10-06T20:45:15 IST" duration-ms="8098" status="PASS">
          <params>
            <param index="0">
              <value>
                <![CDATA[java]]>
              </value>
            </param>
            <param index="1">
              <value>
                <![CDATA[selenium]]>
              </value>
            </param>
          </params>
          <reporter-output>
          </reporter-output>
        </test-method> <!-- facebook -->
        <test-method signature="facebook(java.lang.String,java.lang.String)[pri:0, instance:TestNg.DataProviders@29215f06]" started-at="2023-10-06T20:45:15 IST" name="facebook" data-provider="getData" finished-at="2023-10-06T20:45:19 IST" duration-ms="4611" status="PASS">
          <params>
            <param index="0">
              <value>
                <![CDATA[Qspider]]>
              </value>
            </param>
            <param index="1">
              <value>
                <![CDATA[trainer]]>
              </value>
            </param>
          </params>
          <reporter-output>
          </reporter-output>
        </test-method> <!-- facebook -->
      </class> <!-- TestNg.DataProviders -->
    </test> <!-- Default test -->
  </suite> <!-- Default suite -->
</testng-results>
